#
# There is insufficient memory for the Java Runtime Environment to continue.
# Native memory allocation (malloc) failed to allocate 32744 bytes for ChunkPool::allocate
# Possible reasons:
#   The system is out of physical RAM or swap space
#   The process is running with CompressedOops enabled, and the Java Heap may be blocking the growth of the native heap
# Possible solutions:
#   Reduce memory load on the system
#   Increase physical memory or swap space
#   Check if swap backing store is full
#   Decrease Java heap size (-Xmx/-Xms)
#   Decrease number of Java threads
#   Decrease Java thread stack sizes (-Xss)
#   Set larger code cache with -XX:ReservedCodeCacheSize=
#   JVM is running with Unscaled Compressed Oops mode in which the Java heap is
#     placed in the first 4GB address space. The Java Heap base address is the
#     maximum limit for the native heap growth. Please use -XX:HeapBaseMinAddress
#     to set the Java Heap base and to place the Java Heap above 4GB virtual address.
# This output file may be truncated or incomplete.
#
#  Out of Memory Error (arena.cpp:79), pid=10936, tid=10296
#
# JRE version: OpenJDK Runtime Environment Temurin-17.0.9+9 (17.0.9+9) (build 17.0.9+9)
# Java VM: OpenJDK 64-Bit Server VM Temurin-17.0.9+9 (17.0.9+9, mixed mode, tiered, compressed oops, compressed class ptrs, g1 gc, windows-amd64)
# No core dump will be written. Minidumps are not enabled by default on client versions of Windows
#

---------------  S U M M A R Y ------------

Command Line: -Dfile.encoding=UTF-8 -Dstdout.encoding=UTF-8 -Dstderr.encoding=UTF-8 -XX:+ShowCodeDetailsInExceptionMessages edu.yan.desafiodiospringboot.aluguellivros.SistemaAluguelLivrosApplication

Host: Intel(R) Core(TM) i5-1035G1 CPU @ 1.00GHz, 8 cores, 7G,  Windows 10 , 64 bit Build 19041 (10.0.19041.3031)
Time: Wed Apr 23 21:35:52 2025 Hora oficial do Brasil elapsed time: 5.640030 seconds (0d 0h 0m 5s)

---------------  T H R E A D  ---------------

Current thread (0x000001be3a6f8db0):  JavaThread "C2 CompilerThread2" daemon [_thread_in_native, id=10296, stack(0x000000a759b00000,0x000000a759c00000)]


Current CompileTask:
C2:   5640 3699       4       org.springframework.beans.factory.support.AbstractBeanFactory::isTypeMatch (745 bytes)

Stack: [0x000000a759b00000,0x000000a759c00000]
Native frames: (J=compiled Java code, j=interpreted, Vv=VM code, C=native code)
V  [jvm.dll+0x67cf49]
V  [jvm.dll+0x83478a]
V  [jvm.dll+0x83624e]
V  [jvm.dll+0x8368b3]
V  [jvm.dll+0x247f1f]
V  [jvm.dll+0xac65c]
V  [jvm.dll+0xaca8c]
V  [jvm.dll+0x11ef58]
V  [jvm.dll+0x6a68c1]
V  [jvm.dll+0x1bd7ee]
V  [jvm.dll+0x21a709]
V  [jvm.dll+0x2199d1]
V  [jvm.dll+0x1a57cd]
V  [jvm.dll+0x2297ae]
V  [jvm.dll+0x22797c]
V  [jvm.dll+0x7e9877]
V  [jvm.dll+0x7e3c3a]
V  [jvm.dll+0x67be35]
C  [ucrtbase.dll+0x21bb2]
C  [KERNEL32.DLL+0x17614]
C  [ntdll.dll+0x526f1]


---------------  P R O C E S S  ---------------

Threads class SMR info:
_java_thread_list=0x000001be3b679090, length=14, elements={
0x000001be19f3af50, 0x000001be33dafd20, 0x000001be33db08e0, 0x000001be3803e7b0,
0x000001be3803f280, 0x000001be38049d70, 0x000001be3804fb50, 0x000001be38050750,
0x000001be38051720, 0x000001be38064020, 0x000001be381bde70, 0x000001be381c75b0,
0x000001be38ae22d0, 0x000001be3a6f8db0
}

Java Threads: ( => current thread )
  0x000001be19f3af50 JavaThread "main" [_thread_in_vm, id=10556, stack(0x000000a757e00000,0x000000a757f00000)]
  0x000001be33dafd20 JavaThread "Reference Handler" daemon [_thread_blocked, id=7944, stack(0x000000a758500000,0x000000a758600000)]
  0x000001be33db08e0 JavaThread "Finalizer" daemon [_thread_blocked, id=9820, stack(0x000000a758600000,0x000000a758700000)]
  0x000001be3803e7b0 JavaThread "Signal Dispatcher" daemon [_thread_blocked, id=484, stack(0x000000a758700000,0x000000a758800000)]
  0x000001be3803f280 JavaThread "Attach Listener" daemon [_thread_blocked, id=10148, stack(0x000000a758800000,0x000000a758900000)]
  0x000001be38049d70 JavaThread "Service Thread" daemon [_thread_blocked, id=5360, stack(0x000000a758900000,0x000000a758a00000)]
  0x000001be3804fb50 JavaThread "Monitor Deflation Thread" daemon [_thread_blocked, id=7252, stack(0x000000a758a00000,0x000000a758b00000)]
  0x000001be38050750 JavaThread "C2 CompilerThread0" daemon [_thread_in_native, id=9036, stack(0x000000a758b00000,0x000000a758c00000)]
  0x000001be38051720 JavaThread "C1 CompilerThread0" daemon [_thread_in_native, id=9916, stack(0x000000a758c00000,0x000000a758d00000)]
  0x000001be38064020 JavaThread "Sweeper thread" daemon [_thread_blocked, id=8836, stack(0x000000a758d00000,0x000000a758e00000)]
  0x000001be381bde70 JavaThread "Notification Thread" daemon [_thread_blocked, id=9520, stack(0x000000a758e00000,0x000000a758f00000)]
  0x000001be381c75b0 JavaThread "Common-Cleaner" daemon [_thread_blocked, id=9784, stack(0x000000a759000000,0x000000a759100000)]
  0x000001be38ae22d0 JavaThread "C2 CompilerThread1" daemon [_thread_in_native, id=6996, stack(0x000000a759100000,0x000000a759200000)]
=>0x000001be3a6f8db0 JavaThread "C2 CompilerThread2" daemon [_thread_in_native, id=10296, stack(0x000000a759b00000,0x000000a759c00000)]

Other Threads:
  0x000001be33dab150 VMThread "VM Thread" [stack: 0x000000a758400000,0x000000a758500000] [id=3384]
  0x000001be381be350 WatcherThread [stack: 0x000000a758f00000,0x000000a759000000] [id=5260]
  0x000001be19f94090 GCTaskThread "GC Thread#0" [stack: 0x000000a757f00000,0x000000a758000000] [id=10696]
  0x000001be3872b720 GCTaskThread "GC Thread#1" [stack: 0x000000a759300000,0x000000a759400000] [id=9372]
  0x000001be3872b9e0 GCTaskThread "GC Thread#2" [stack: 0x000000a759400000,0x000000a759500000] [id=5240]
  0x000001be387d4710 GCTaskThread "GC Thread#3" [stack: 0x000000a759500000,0x000000a759600000] [id=8812]
  0x000001be38d35b20 GCTaskThread "GC Thread#4" [stack: 0x000000a759600000,0x000000a759700000] [id=6704]
  0x000001be3a056660 GCTaskThread "GC Thread#5" [stack: 0x000000a759700000,0x000000a759800000] [id=10928]
  0x000001be390f13b0 GCTaskThread "GC Thread#6" [stack: 0x000000a759800000,0x000000a759900000] [id=9768]
  0x000001be3922b9a0 GCTaskThread "GC Thread#7" [stack: 0x000000a759900000,0x000000a759a00000] [id=9568]
  0x000001be19fa5040 ConcurrentGCThread "G1 Main Marker" [stack: 0x000000a758000000,0x000000a758100000] [id=5692]
  0x000001be19fa5a60 ConcurrentGCThread "G1 Conc#0" [stack: 0x000000a758100000,0x000000a758200000] [id=9892]
  0x000001be39ad06b0 ConcurrentGCThread "G1 Conc#1" [stack: 0x000000a759a00000,0x000000a759b00000] [id=10836]
  0x000001be19fedcd0 ConcurrentGCThread "G1 Refine#0" [stack: 0x000000a758200000,0x000000a758300000] [id=3440]
  0x000001be19fee700 ConcurrentGCThread "G1 Service" [stack: 0x000000a758300000,0x000000a758400000] [id=5520]

Threads with active compile tasks:
C2 CompilerThread0     5667 3809       4       java.util.function.BiPredicate$$Lambda$101/0x0000000100157a30::test (16 bytes)
C1 CompilerThread0     5667 3836       3       org.springframework.transaction.annotation.AnnotationTransactionAttributeSource::findTransactionAttribute (6 bytes)
C2 CompilerThread1     5668 3814       4       org.springframework.core.annotation.AnnotationsScanner::getDeclaredAnnotations (166 bytes)
C2 CompilerThread2     5668 3699       4       org.springframework.beans.factory.support.AbstractBeanFactory::isTypeMatch (745 bytes)

VM state: not at safepoint (normal execution)

VM Mutex/Monitor currently owned by a thread: None

Heap address: 0x0000000083a00000, size: 1990 MB, Compressed Oops mode: 32-bit

CDS archive(s) not mapped
Compressed class space mapped at: 0x0000000100000000-0x0000000140000000, reserved size: 1073741824
Narrow klass base: 0x0000000000000000, Narrow klass shift: 3, Narrow klass range: 0x140000000

GC Precious Log:
 CPUs: 8 total, 8 available
 Memory: 7959M
 Large Page Support: Disabled
 NUMA Support: Disabled
 Compressed Oops: Enabled (32-bit)
 Heap Region Size: 1M
 Heap Min Capacity: 8M
 Heap Initial Capacity: 126M
 Heap Max Capacity: 1990M
 Pre-touch: Disabled
 Parallel Workers: 8
 Concurrent Workers: 2
 Concurrent Refinement Workers: 8
 Periodic GC: Disabled

Heap:
 garbage-first heap   total 48128K, used 31656K [0x0000000083a00000, 0x0000000100000000)
  region size 1024K, 17 young (17408K), 3 survivors (3072K)
 Metaspace       used 35320K, committed 35712K, reserved 1114112K
  class space    used 4182K, committed 4352K, reserved 1048576K

Heap Regions: E=young(eden), S=young(survivor), O=old, HS=humongous(starts), HC=humongous(continues), CS=collection set, F=free, OA=open archive, CA=closed archive, TAMS=top-at-mark-start (previous, next)
|   0|0x0000000083a00000, 0x0000000083b00000, 0x0000000083b00000|100%|HS|  |TAMS 0x0000000083b00000, 0x0000000083a00000| Complete 
|   1|0x0000000083b00000, 0x0000000083c00000, 0x0000000083c00000|100%|HS|  |TAMS 0x0000000083c00000, 0x0000000083b00000| Complete 
|   2|0x0000000083c00000, 0x0000000083d00000, 0x0000000083d00000|100%|HS|  |TAMS 0x0000000083d00000, 0x0000000083c00000| Complete 
|   3|0x0000000083d00000, 0x0000000083e00000, 0x0000000083e00000|100%| O|  |TAMS 0x0000000083d00000, 0x0000000083d00000| Untracked 
|   4|0x0000000083e00000, 0x0000000083f00000, 0x0000000083f00000|100%| O|  |TAMS 0x0000000083f00000, 0x0000000083e00000| Untracked 
|   5|0x0000000083f00000, 0x0000000084000000, 0x0000000084000000|100%| O|  |TAMS 0x0000000084000000, 0x0000000083f00000| Untracked 
|   6|0x0000000084000000, 0x0000000084100000, 0x0000000084100000|100%| O|  |TAMS 0x00000000840a1a00, 0x0000000084000000| Untracked 
|   7|0x0000000084100000, 0x0000000084200000, 0x0000000084200000|100%| O|  |TAMS 0x0000000084100000, 0x0000000084100000| Untracked 
|   8|0x0000000084200000, 0x0000000084300000, 0x0000000084300000|100%| O|  |TAMS 0x0000000084200000, 0x0000000084200000| Untracked 
|   9|0x0000000084300000, 0x0000000084400000, 0x0000000084400000|100%| O|  |TAMS 0x0000000084300000, 0x0000000084300000| Untracked 
|  10|0x0000000084400000, 0x0000000084500000, 0x0000000084500000|100%| O|  |TAMS 0x0000000084400000, 0x0000000084400000| Untracked 
|  11|0x0000000084500000, 0x0000000084600000, 0x0000000084600000|100%| O|  |TAMS 0x0000000084500000, 0x0000000084500000| Untracked 
|  12|0x0000000084600000, 0x0000000084700000, 0x0000000084700000|100%| O|  |TAMS 0x0000000084600000, 0x0000000084600000| Untracked 
|  13|0x0000000084700000, 0x0000000084800000, 0x0000000084800000|100%| O|  |TAMS 0x0000000084700000, 0x0000000084700000| Untracked 
|  14|0x0000000084800000, 0x0000000084900000, 0x0000000084900000|100%| O|  |TAMS 0x0000000084800000, 0x0000000084800000| Untracked 
|  15|0x0000000084900000, 0x0000000084932400, 0x0000000084a00000| 19%| O|  |TAMS 0x0000000084900000, 0x0000000084900000| Untracked 
|  16|0x0000000084a00000, 0x0000000084a00000, 0x0000000084b00000|  0%| F|  |TAMS 0x0000000084a00000, 0x0000000084a00000| Untracked 
|  17|0x0000000084b00000, 0x0000000084b00000, 0x0000000084c00000|  0%| F|  |TAMS 0x0000000084b00000, 0x0000000084b00000| Untracked 
|  18|0x0000000084c00000, 0x0000000084c00000, 0x0000000084d00000|  0%| F|  |TAMS 0x0000000084c00000, 0x0000000084c00000| Untracked 
|  19|0x0000000084d00000, 0x0000000084d00000, 0x0000000084e00000|  0%| F|  |TAMS 0x0000000084d00000, 0x0000000084d00000| Untracked 
|  20|0x0000000084e00000, 0x0000000084e00000, 0x0000000084f00000|  0%| F|  |TAMS 0x0000000084e00000, 0x0000000084e00000| Untracked 
|  21|0x0000000084f00000, 0x0000000084f00000, 0x0000000085000000|  0%| F|  |TAMS 0x0000000084f00000, 0x0000000084f00000| Untracked 
|  22|0x0000000085000000, 0x0000000085000000, 0x0000000085100000|  0%| F|  |TAMS 0x0000000085000000, 0x0000000085000000| Untracked 
|  23|0x0000000085100000, 0x0000000085100000, 0x0000000085200000|  0%| F|  |TAMS 0x0000000085100000, 0x0000000085100000| Untracked 
|  24|0x0000000085200000, 0x0000000085200000, 0x0000000085300000|  0%| F|  |TAMS 0x0000000085200000, 0x0000000085200000| Untracked 
|  25|0x0000000085300000, 0x0000000085300000, 0x0000000085400000|  0%| F|  |TAMS 0x0000000085300000, 0x0000000085300000| Untracked 
|  26|0x0000000085400000, 0x00000000854b7f88, 0x0000000085500000| 71%| S|CS|TAMS 0x0000000085400000, 0x0000000085400000| Complete 
|  27|0x0000000085500000, 0x0000000085600000, 0x0000000085600000|100%| S|CS|TAMS 0x0000000085500000, 0x0000000085500000| Complete 
|  28|0x0000000085600000, 0x0000000085600000, 0x0000000085700000|  0%| F|  |TAMS 0x0000000085600000, 0x0000000085600000| Untracked 
|  29|0x0000000085700000, 0x0000000085800000, 0x0000000085800000|100%| S|CS|TAMS 0x0000000085700000, 0x0000000085700000| Complete 
|  30|0x0000000085800000, 0x0000000085800000, 0x0000000085900000|  0%| F|  |TAMS 0x0000000085800000, 0x0000000085800000| Untracked 
|  31|0x0000000085900000, 0x0000000085900000, 0x0000000085a00000|  0%| F|  |TAMS 0x0000000085900000, 0x0000000085900000| Untracked 
|  32|0x0000000085a00000, 0x0000000085a00000, 0x0000000085b00000|  0%| F|  |TAMS 0x0000000085a00000, 0x0000000085a00000| Untracked 
|  33|0x0000000085b00000, 0x0000000085be3f10, 0x0000000085c00000| 89%| E|  |TAMS 0x0000000085b00000, 0x0000000085b00000| Complete 
|  34|0x0000000085c00000, 0x0000000085d00000, 0x0000000085d00000|100%| E|CS|TAMS 0x0000000085c00000, 0x0000000085c00000| Complete 
|  35|0x0000000085d00000, 0x0000000085e00000, 0x0000000085e00000|100%| E|CS|TAMS 0x0000000085d00000, 0x0000000085d00000| Complete 
|  36|0x0000000085e00000, 0x0000000085f00000, 0x0000000085f00000|100%| E|CS|TAMS 0x0000000085e00000, 0x0000000085e00000| Complete 
|  37|0x0000000085f00000, 0x0000000086000000, 0x0000000086000000|100%| E|CS|TAMS 0x0000000085f00000, 0x0000000085f00000| Complete 
|  38|0x0000000086000000, 0x0000000086100000, 0x0000000086100000|100%| E|CS|TAMS 0x0000000086000000, 0x0000000086000000| Complete 
|  39|0x0000000086100000, 0x0000000086200000, 0x0000000086200000|100%| E|CS|TAMS 0x0000000086100000, 0x0000000086100000| Complete 
|  40|0x0000000086200000, 0x0000000086300000, 0x0000000086300000|100%| E|CS|TAMS 0x0000000086200000, 0x0000000086200000| Complete 
|  41|0x0000000086300000, 0x0000000086400000, 0x0000000086400000|100%| E|CS|TAMS 0x0000000086300000, 0x0000000086300000| Complete 
|  93|0x0000000089700000, 0x0000000089800000, 0x0000000089800000|100%| E|CS|TAMS 0x0000000089700000, 0x0000000089700000| Complete 
|  94|0x0000000089800000, 0x0000000089900000, 0x0000000089900000|100%| E|CS|TAMS 0x0000000089800000, 0x0000000089800000| Complete 
|  95|0x0000000089900000, 0x0000000089a00000, 0x0000000089a00000|100%| E|CS|TAMS 0x0000000089900000, 0x0000000089900000| Complete 
| 124|0x000000008b600000, 0x000000008b700000, 0x000000008b700000|100%| E|CS|TAMS 0x000000008b600000, 0x000000008b600000| Complete 
| 125|0x000000008b700000, 0x000000008b800000, 0x000000008b800000|100%| E|CS|TAMS 0x000000008b700000, 0x000000008b700000| Complete 

Card table byte_map: [0x000001be2cd20000,0x000001be2d110000] _byte_map_base: 0x000001be2c903000

Marking Bits (Prev, Next): (CMBitMap*) 0x000001be19f946f0, (CMBitMap*) 0x000001be19f946b0
 Prev Bits: [0x000001be2f420000, 0x000001be31338000)
 Next Bits: [0x000001be2d500000, 0x000001be2f418000)

Polling page: 0x000001be17e20000

Metaspace:

Usage:
  Non-class:     30.41 MB used.
      Class:      4.08 MB used.
       Both:     34.49 MB used.

Virtual space:
  Non-class space:       64.00 MB reserved,      30.62 MB ( 48%) committed,  1 nodes.
      Class space:        1.00 GB reserved,       4.25 MB ( <1%) committed,  1 nodes.
             Both:        1.06 GB reserved,      34.88 MB (  3%) committed. 

Chunk freelists:
   Non-Class:  1.30 MB
       Class:  11.80 MB
        Both:  13.09 MB

MaxMetaspaceSize: unlimited
CompressedClassSpaceSize: 1.00 GB
Initial GC threshold: 21.00 MB
Current GC threshold: 35.12 MB
CDS: off
MetaspaceReclaimPolicy: balanced
 - commit_granule_bytes: 65536.
 - commit_granule_words: 8192.
 - virtual_space_node_default_size: 8388608.
 - enlarge_chunks_in_place: 1.
 - new_chunks_are_fully_committed: 0.
 - uncommit_free_chunks: 1.
 - use_allocation_guard: 0.
 - handle_deallocations: 1.


Internal statistics:

num_allocs_failed_limit: 3.
num_arena_births: 370.
num_arena_deaths: 0.
num_vsnodes_births: 2.
num_vsnodes_deaths: 0.
num_space_committed: 558.
num_space_uncommitted: 0.
num_chunks_returned_to_freelist: 3.
num_chunks_taken_from_freelist: 1379.
num_chunk_merges: 3.
num_chunk_splits: 909.
num_chunks_enlarged: 671.
num_inconsistent_stats: 0.

CodeHeap 'non-profiled nmethods': size=120000Kb used=2220Kb max_used=2220Kb free=117779Kb
 bounds [0x000001be250d0000, 0x000001be25340000, 0x000001be2c600000]
CodeHeap 'profiled nmethods': size=120000Kb used=8259Kb max_used=8259Kb free=111740Kb
 bounds [0x000001be1d600000, 0x000001be1de20000, 0x000001be24b30000]
CodeHeap 'non-nmethods': size=5760Kb used=1221Kb max_used=1282Kb free=4538Kb
 bounds [0x000001be24b30000, 0x000001be24da0000, 0x000001be250d0000]
 total_blobs=4336 nmethods=3826 adapters=422
 compilation: enabled
              stopped_count=0, restarted_count=0
 full_count=0

Compilation events (20 events):
Event: 5.628 Thread 0x000001be38051720 3824       3       org.springframework.core.MethodClassKey::hashCode (30 bytes)
Event: 5.629 Thread 0x000001be38051720 nmethod 3824 0x000001be1de0bf90 code [0x000001be1de0c180, 0x000001be1de0c5b8]
Event: 5.629 Thread 0x000001be38051720 3825       3       org.springframework.aop.support.AopUtils::getMostSpecificMethod (19 bytes)
Event: 5.630 Thread 0x000001be38051720 nmethod 3825 0x000001be1de0c790 code [0x000001be1de0c9a0, 0x000001be1de0ced8]
Event: 5.630 Thread 0x000001be38051720 3826       3       org.springframework.core.BridgeMethodResolver$$Lambda$632/0x000000010040d518::matches (9 bytes)
Event: 5.630 Thread 0x000001be38051720 nmethod 3826 0x000001be1de0d110 code [0x000001be1de0d2c0, 0x000001be1de0d468]
Event: 5.630 Thread 0x000001be38051720 3827       3       org.springframework.core.BridgeMethodResolver::lambda$resolveBridgeMethod$0 (6 bytes)
Event: 5.630 Thread 0x000001be38051720 nmethod 3827 0x000001be1de0d590 code [0x000001be1de0d720, 0x000001be1de0d848]
Event: 5.630 Thread 0x000001be38051720 3828       3       org.springframework.core.BridgeMethodResolver::isBridgedCandidateFor (38 bytes)
Event: 5.630 Thread 0x000001be38051720 nmethod 3828 0x000001be1de0d910 code [0x000001be1de0dae0, 0x000001be1de0dec8]
Event: 5.631 Thread 0x000001be38051720 3831   !   3       org.springframework.util.ClassUtils::getMostSpecificMethod (83 bytes)
Event: 5.632 Thread 0x000001be38051720 nmethod 3831 0x000001be1de0e090 code [0x000001be1de0e2e0, 0x000001be1de0ec78]
Event: 5.632 Thread 0x000001be38051720 3833       3       org.springframework.core.ResolvableType::forMethodParameter (9 bytes)
Event: 5.633 Thread 0x000001be38051720 nmethod 3833 0x000001be1de0f010 code [0x000001be1de0f1e0, 0x000001be1de0f558]
Event: 5.633 Thread 0x000001be38051720 3832   !   3       org.springframework.core.annotation.AnnotationsScanner::processMethodInheritedAnnotations (33 bytes)
Event: 5.633 Thread 0x000001be38051720 nmethod 3832 0x000001be1de0f710 code [0x000001be1de0f8e0, 0x000001be1de0fbe8]
Event: 5.633 Thread 0x000001be38051720 3835       3       org.springframework.util.ReflectionUtils::isEqualsMethod (42 bytes)
Event: 5.634 Thread 0x000001be38051720 nmethod 3835 0x000001be1de0fd90 code [0x000001be1de0ff80, 0x000001be1de10478]
Event: 5.634 Thread 0x000001be38051720 3834       3       org.springframework.core.ResolvableType::forMethodParameter (17 bytes)
Event: 5.634 Thread 0x000001be38051720 nmethod 3834 0x000001be1de10690 code [0x000001be1de10860, 0x000001be1de10b78]

GC Heap History (14 events):
Event: 0.958 GC heap before
{Heap before GC invocations=0 (full 0):
 garbage-first heap   total 129024K, used 26624K [0x0000000083a00000, 0x0000000100000000)
  region size 1024K, 23 young (23552K), 0 survivors (0K)
 Metaspace       used 13626K, committed 13760K, reserved 1114112K
  class space    used 1367K, committed 1408K, reserved 1048576K
}
Event: 0.964 GC heap after
{Heap after GC invocations=1 (full 0):
 garbage-first heap   total 129024K, used 8838K [0x0000000083a00000, 0x0000000100000000)
  region size 1024K, 3 young (3072K), 3 survivors (3072K)
 Metaspace       used 13626K, committed 13760K, reserved 1114112K
  class space    used 1367K, committed 1408K, reserved 1048576K
}
Event: 1.712 GC heap before
{Heap before GC invocations=1 (full 0):
 garbage-first heap   total 129024K, used 35462K [0x0000000083a00000, 0x0000000100000000)
  region size 1024K, 30 young (30720K), 3 survivors (3072K)
 Metaspace       used 21254K, committed 21504K, reserved 1114112K
  class space    used 2293K, committed 2432K, reserved 1048576K
}
Event: 1.719 GC heap after
{Heap after GC invocations=2 (full 0):
 garbage-first heap   total 129024K, used 11463K [0x0000000083a00000, 0x0000000100000000)
  region size 1024K, 3 young (3072K), 3 survivors (3072K)
 Metaspace       used 21254K, committed 21504K, reserved 1114112K
  class space    used 2293K, committed 2432K, reserved 1048576K
}
Event: 2.224 GC heap before
{Heap before GC invocations=3 (full 0):
 garbage-first heap   total 48128K, used 33991K [0x0000000083a00000, 0x0000000100000000)
  region size 1024K, 26 young (26624K), 3 survivors (3072K)
 Metaspace       used 26206K, committed 26432K, reserved 1114112K
  class space    used 2966K, committed 3072K, reserved 1048576K
}
Event: 2.229 GC heap after
{Heap after GC invocations=4 (full 0):
 garbage-first heap   total 48128K, used 13493K [0x0000000083a00000, 0x0000000100000000)
  region size 1024K, 3 young (3072K), 3 survivors (3072K)
 Metaspace       used 26206K, committed 26432K, reserved 1114112K
  class space    used 2966K, committed 3072K, reserved 1048576K
}
Event: 2.247 GC heap before
{Heap before GC invocations=4 (full 0):
 garbage-first heap   total 48128K, used 14517K [0x0000000083a00000, 0x0000000100000000)
  region size 1024K, 4 young (4096K), 3 survivors (3072K)
 Metaspace       used 26463K, committed 26752K, reserved 1114112K
  class space    used 2987K, committed 3136K, reserved 1048576K
}
Event: 2.250 GC heap after
{Heap after GC invocations=5 (full 0):
 garbage-first heap   total 48128K, used 13716K [0x0000000083a00000, 0x0000000100000000)
  region size 1024K, 1 young (1024K), 1 survivors (1024K)
 Metaspace       used 26463K, committed 26752K, reserved 1114112K
  class space    used 2987K, committed 3136K, reserved 1048576K
}
Event: 2.966 GC heap before
{Heap before GC invocations=5 (full 0):
 garbage-first heap   total 48128K, used 32148K [0x0000000083a00000, 0x0000000100000000)
  region size 1024K, 19 young (19456K), 1 survivors (1024K)
 Metaspace       used 28159K, committed 28416K, reserved 1114112K
  class space    used 3171K, committed 3328K, reserved 1048576K
}
Event: 2.971 GC heap after
{Heap after GC invocations=6 (full 0):
 garbage-first heap   total 48128K, used 15542K [0x0000000083a00000, 0x0000000100000000)
  region size 1024K, 3 young (3072K), 3 survivors (3072K)
 Metaspace       used 28159K, committed 28416K, reserved 1114112K
  class space    used 3171K, committed 3328K, reserved 1048576K
}
Event: 3.651 GC heap before
{Heap before GC invocations=6 (full 0):
 garbage-first heap   total 48128K, used 33974K [0x0000000083a00000, 0x0000000100000000)
  region size 1024K, 21 young (21504K), 3 survivors (3072K)
 Metaspace       used 30574K, committed 30848K, reserved 1114112K
  class space    used 3447K, committed 3584K, reserved 1048576K
}
Event: 3.656 GC heap after
{Heap after GC invocations=7 (full 0):
 garbage-first heap   total 48128K, used 16922K [0x0000000083a00000, 0x0000000100000000)
  region size 1024K, 2 young (2048K), 2 survivors (2048K)
 Metaspace       used 30574K, committed 30848K, reserved 1114112K
  class space    used 3447K, committed 3584K, reserved 1048576K
}
Event: 4.607 GC heap before
{Heap before GC invocations=7 (full 0):
 garbage-first heap   total 48128K, used 34330K [0x0000000083a00000, 0x0000000100000000)
  region size 1024K, 19 young (19456K), 2 survivors (2048K)
 Metaspace       used 32935K, committed 33280K, reserved 1114112K
  class space    used 3796K, committed 3968K, reserved 1048576K
}
Event: 4.616 GC heap after
{Heap after GC invocations=8 (full 0):
 garbage-first heap   total 48128K, used 18344K [0x0000000083a00000, 0x0000000100000000)
  region size 1024K, 3 young (3072K), 3 survivors (3072K)
 Metaspace       used 32935K, committed 33280K, reserved 1114112K
  class space    used 3796K, committed 3968K, reserved 1048576K
}

Dll operation events (6 events):
Event: 0.008 Loaded shared library C:\Users\yanba\Downloads\spring-tool-suite-4-4.21.0.RELEASE-e4.30.0-win32.win32.x86_64.self-extracting(1)\sts-4.21.0.RELEASE\plugins\org.eclipse.justj.openjdk.hotspot.jre.full.win32.x86_64_17.0.9.v20231028-0858\jre\bin\java.dll
Event: 0.178 Loaded shared library C:\Users\yanba\Downloads\spring-tool-suite-4-4.21.0.RELEASE-e4.30.0-win32.win32.x86_64.self-extracting(1)\sts-4.21.0.RELEASE\plugins\org.eclipse.justj.openjdk.hotspot.jre.full.win32.x86_64_17.0.9.v20231028-0858\jre\bin\net.dll
Event: 0.180 Loaded shared library C:\Users\yanba\Downloads\spring-tool-suite-4-4.21.0.RELEASE-e4.30.0-win32.win32.x86_64.self-extracting(1)\sts-4.21.0.RELEASE\plugins\org.eclipse.justj.openjdk.hotspot.jre.full.win32.x86_64_17.0.9.v20231028-0858\jre\bin\nio.dll
Event: 0.185 Loaded shared library C:\Users\yanba\Downloads\spring-tool-suite-4-4.21.0.RELEASE-e4.30.0-win32.win32.x86_64.self-extracting(1)\sts-4.21.0.RELEASE\plugins\org.eclipse.justj.openjdk.hotspot.jre.full.win32.x86_64_17.0.9.v20231028-0858\jre\bin\zip.dll
Event: 0.317 Loaded shared library C:\Users\yanba\Downloads\spring-tool-suite-4-4.21.0.RELEASE-e4.30.0-win32.win32.x86_64.self-extracting(1)\sts-4.21.0.RELEASE\plugins\org.eclipse.justj.openjdk.hotspot.jre.full.win32.x86_64_17.0.9.v20231028-0858\jre\bin\jimage.dll
Event: 2.208 Loaded shared library C:\Users\yanba\Downloads\spring-tool-suite-4-4.21.0.RELEASE-e4.30.0-win32.win32.x86_64.self-extracting(1)\sts-4.21.0.RELEASE\plugins\org.eclipse.justj.openjdk.hotspot.jre.full.win32.x86_64_17.0.9.v20231028-0858\jre\bin\sunmscapi.dll

Deoptimization events (20 events):
Event: 4.975 Thread 0x000001be19f3af50 DEOPT PACKING pc=0x000001be252c50f0 sp=0x000000a757efef40
Event: 4.975 Thread 0x000001be19f3af50 DEOPT UNPACKING pc=0x000001be24b8a1a3 sp=0x000000a757efef58 mode 2
Event: 4.975 Thread 0x000001be19f3af50 Uncommon trap: trap_request=0xffffffde fr.pc=0x000001be252c50f0 relative=0x0000000000006dd0
Event: 4.975 Thread 0x000001be19f3af50 Uncommon trap: reason=class_check action=maybe_recompile pc=0x000001be252c50f0 method=org.springframework.beans.factory.support.AbstractBeanFactory.isTypeMatch(Ljava/lang/String;Lorg/springframework/core/ResolvableType;Z)Z @ 48 c2
Event: 4.975 Thread 0x000001be19f3af50 DEOPT PACKING pc=0x000001be252c50f0 sp=0x000000a757efef40
Event: 4.975 Thread 0x000001be19f3af50 DEOPT UNPACKING pc=0x000001be24b8a1a3 sp=0x000000a757efef58 mode 2
Event: 5.014 Thread 0x000001be19f3af50 Uncommon trap: trap_request=0xffffffde fr.pc=0x000001be252c50f0 relative=0x0000000000006dd0
Event: 5.014 Thread 0x000001be19f3af50 Uncommon trap: reason=class_check action=maybe_recompile pc=0x000001be252c50f0 method=org.springframework.beans.factory.support.AbstractBeanFactory.isTypeMatch(Ljava/lang/String;Lorg/springframework/core/ResolvableType;Z)Z @ 48 c2
Event: 5.014 Thread 0x000001be19f3af50 DEOPT PACKING pc=0x000001be252c50f0 sp=0x000000a757efd6e0
Event: 5.014 Thread 0x000001be19f3af50 DEOPT UNPACKING pc=0x000001be24b8a1a3 sp=0x000000a757efd6f8 mode 2
Event: 5.014 Thread 0x000001be19f3af50 Uncommon trap: trap_request=0xffffffde fr.pc=0x000001be252c50f0 relative=0x0000000000006dd0
Event: 5.014 Thread 0x000001be19f3af50 Uncommon trap: reason=class_check action=maybe_recompile pc=0x000001be252c50f0 method=org.springframework.beans.factory.support.AbstractBeanFactory.isTypeMatch(Ljava/lang/String;Lorg/springframework/core/ResolvableType;Z)Z @ 48 c2
Event: 5.014 Thread 0x000001be19f3af50 DEOPT PACKING pc=0x000001be252c50f0 sp=0x000000a757efd6e0
Event: 5.014 Thread 0x000001be19f3af50 DEOPT UNPACKING pc=0x000001be24b8a1a3 sp=0x000000a757efd6f8 mode 2
Event: 5.146 Thread 0x000001be19f3af50 Uncommon trap: trap_request=0xffffff45 fr.pc=0x000001be2526ecd4 relative=0x0000000000000ab4
Event: 5.146 Thread 0x000001be19f3af50 Uncommon trap: reason=unstable_if action=reinterpret pc=0x000001be2526ecd4 method=org.springframework.boot.context.properties.source.SpringConfigurationPropertySources$SourcesIterator.fetchNext()Lorg/springframework/boot/context/properties/source/Configur
Event: 5.146 Thread 0x000001be19f3af50 DEOPT PACKING pc=0x000001be2526ecd4 sp=0x000000a757efd330
Event: 5.146 Thread 0x000001be19f3af50 DEOPT UNPACKING pc=0x000001be24b8a1a3 sp=0x000000a757efd2f0 mode 2
Event: 5.329 Thread 0x000001be19f3af50 DEOPT PACKING pc=0x000001be1da251a1 sp=0x000000a757efd330
Event: 5.329 Thread 0x000001be19f3af50 DEOPT UNPACKING pc=0x000001be24b8ace3 sp=0x000000a757efc7e8 mode 0

Classes unloaded (0 events):
No events

Classes redefined (0 events):
No events

Internal exceptions (20 events):
Event: 4.437 Thread 0x000001be19f3af50 Exception <a 'java/lang/NoSuchMethodError'{0x0000000085bfe348}: 'java.lang.Object java.lang.invoke.DirectMethodHandle$Holder.newInvokeSpecial(java.lang.Object, java.lang.Object, java.lang.Object, java.lang.Object, java.lang.Object, java.lang.Object)'> (0x0000000085bfe348) 
thrown [s\src\hotspot\share\interpreter\linkResolver.cpp, line 759]
Event: 4.545 Thread 0x000001be19f3af50 Exception <a 'java/lang/NoClassDefFoundError'{0x0000000085931498}: org/flywaydb/core/Flyway> (0x0000000085931498) 
thrown [s\src\hotspot\share\classfile\systemDictionary.cpp, line 245]
Event: 4.545 Thread 0x000001be19f3af50 Exception <a 'java/lang/NoClassDefFoundError'{0x0000000085932e50}: liquibase/integration/spring/SpringLiquibase> (0x0000000085932e50) 
thrown [s\src\hotspot\share\classfile\systemDictionary.cpp, line 245]
Event: 4.565 Thread 0x000001be19f3af50 Exception <a 'java/lang/NoClassDefFoundError'{0x0000000085984760}: org/jooq/DSLContext> (0x0000000085984760) 
thrown [s\src\hotspot\share\classfile\systemDictionary.cpp, line 245]
Event: 4.633 Thread 0x000001be19f3af50 Exception <a 'java/lang/NoClassDefFoundError'{0x000000008b7c7c68}: org/springframework/batch/core/repository/JobRepository> (0x000000008b7c7c68) 
thrown [s\src\hotspot\share\classfile\systemDictionary.cpp, line 245]
Event: 4.634 Thread 0x000001be19f3af50 Exception <a 'java/lang/NoClassDefFoundError'{0x000000008b7c92f0}: org/quartz/Scheduler> (0x000000008b7c92f0) 
thrown [s\src\hotspot\share\classfile\systemDictionary.cpp, line 245]
Event: 4.634 Thread 0x000001be19f3af50 Exception <a 'java/lang/NoClassDefFoundError'{0x000000008b7cae78}: org/springframework/session/jdbc/JdbcIndexedSessionRepository> (0x000000008b7cae78) 
thrown [s\src\hotspot\share\classfile\systemDictionary.cpp, line 245]
Event: 4.707 Thread 0x000001be19f3af50 Exception <a 'java/lang/NoSuchMethodError'{0x000000008b6faa50}: 'void java.lang.invoke.DirectMethodHandle$Holder.invokeSpecial(java.lang.Object, java.lang.Object, java.lang.Object, java.lang.Object, java.lang.Object, java.lang.Object)'> (0x000000008b6faa50) 
thrown [s\src\hotspot\share\interpreter\linkResolver.cpp, line 759]
Event: 4.780 Thread 0x000001be19f3af50 Implicit null exception at 0x000001be2528dff2 to 0x000001be25292b9c
Event: 4.949 Thread 0x000001be19f3af50 Exception <a 'java/lang/NoSuchMethodError'{0x000000008635f438}: 'java.lang.Object java.lang.invoke.DirectMethodHandle$Holder.invokeSpecialIFC(java.lang.Object, java.lang.Object, java.lang.Object)'> (0x000000008635f438) 
thrown [s\src\hotspot\share\interpreter\linkResolver.cpp, line 759]
Event: 5.284 Thread 0x000001be19f3af50 Exception <a 'java/lang/NoSuchMethodError'{0x0000000085f954e0}: 'void java.lang.invoke.DirectMethodHandle$Holder.invokeInterface(java.lang.Object, java.lang.Object, int)'> (0x0000000085f954e0) 
thrown [s\src\hotspot\share\interpreter\linkResolver.cpp, line 759]
Event: 5.311 Thread 0x000001be19f3af50 Exception <a 'java/lang/IncompatibleClassChangeError'{0x0000000085fe5850}: Found class java.lang.Object, but interface was expected> (0x0000000085fe5850) 
thrown [s\src\hotspot\share\interpreter\linkResolver.cpp, line 826]
Event: 5.313 Thread 0x000001be19f3af50 Exception <a 'java/lang/NoSuchMethodError'{0x0000000085ff6410}: 'int java.lang.invoke.DirectMethodHandle$Holder.invokeSpecialIFC(java.lang.Object, java.lang.Object, java.lang.Object)'> (0x0000000085ff6410) 
thrown [s\src\hotspot\share\interpreter\linkResolver.cpp, line 759]
Event: 5.319 Thread 0x000001be19f3af50 Exception <a 'java/lang/NoSuchMethodError'{0x0000000085e0f418}: 'void java.lang.invoke.DirectMethodHandle$Holder.invokeStatic(java.lang.Object, int, java.lang.Object)'> (0x0000000085e0f418) 
thrown [s\src\hotspot\share\interpreter\linkResolver.cpp, line 759]
Event: 5.377 Thread 0x000001be19f3af50 Exception <a 'java/lang/NoSuchMethodError'{0x0000000085ec9e20}: 'int java.lang.invoke.DirectMethodHandle$Holder.invokeSpecial(java.lang.Object, java.lang.Object, int)'> (0x0000000085ec9e20) 
thrown [s\src\hotspot\share\interpreter\linkResolver.cpp, line 759]
Event: 5.381 Thread 0x000001be19f3af50 Exception <a 'java/lang/NoSuchMethodError'{0x0000000085ed7d70}: 'void java.lang.invoke.DirectMethodHandle$Holder.invokeVirtual(java.lang.Object, java.lang.Object, int)'> (0x0000000085ed7d70) 
thrown [s\src\hotspot\share\interpreter\linkResolver.cpp, line 759]
Event: 5.382 Thread 0x000001be19f3af50 Exception <a 'java/lang/NoSuchMethodError'{0x0000000085eddfb8}: 'void java.lang.invoke.DirectMethodHandle$Holder.invokeStatic(java.lang.Object, java.lang.Object, java.lang.Object, int, java.lang.Object)'> (0x0000000085eddfb8) 
thrown [s\src\hotspot\share\interpreter\linkResolver.cpp, line 759]
Event: 5.383 Thread 0x000001be19f3af50 Exception <a 'java/lang/NoSuchMethodError'{0x0000000085ee54c0}: 'java.lang.Object java.lang.invoke.DirectMethodHandle$Holder.newInvokeSpecial(java.lang.Object, java.lang.Object, java.lang.Object, int)'> (0x0000000085ee54c0) 
thrown [s\src\hotspot\share\interpreter\linkResolver.cpp, line 759]
Event: 5.384 Thread 0x000001be19f3af50 Exception <a 'java/lang/NoSuchMethodError'{0x0000000085ee9a90}: 'java.lang.Object java.lang.invoke.DirectMethodHandle$Holder.invokeSpecial(java.lang.Object, java.lang.Object, java.lang.Object, java.lang.Object, int)'> (0x0000000085ee9a90) 
thrown [s\src\hotspot\share\interpreter\linkResolver.cpp, line 759]
Event: 5.384 Thread 0x000001be19f3af50 Exception <a 'java/lang/NoSuchMethodError'{0x0000000085eed658}: 'java.lang.Object java.lang.invoke.Invokers$Holder.linkToTargetMethod(java.lang.Object, java.lang.Object, int, java.lang.Object)'> (0x0000000085eed658) 
thrown [s\src\hotspot\share\interpreter\linkResolver.cpp, line 759]

VM Operations (20 events):
Event: 3.835 Executing VM operation: HandshakeAllThreads
Event: 3.835 Executing VM operation: HandshakeAllThreads done
Event: 3.851 Executing VM operation: HandshakeAllThreads
Event: 3.851 Executing VM operation: HandshakeAllThreads done
Event: 3.852 Executing VM operation: HandshakeAllThreads
Event: 3.852 Executing VM operation: HandshakeAllThreads done
Event: 3.967 Executing VM operation: HandshakeAllThreads
Event: 3.967 Executing VM operation: HandshakeAllThreads done
Event: 3.967 Executing VM operation: HandshakeAllThreads
Event: 3.967 Executing VM operation: HandshakeAllThreads done
Event: 4.452 Executing VM operation: ICBufferFull
Event: 4.452 Executing VM operation: ICBufferFull done
Event: 4.607 Executing VM operation: G1CollectForAllocation
Event: 4.616 Executing VM operation: G1CollectForAllocation done
Event: 4.726 Executing VM operation: HandshakeAllThreads
Event: 4.726 Executing VM operation: HandshakeAllThreads done
Event: 4.839 Executing VM operation: HandshakeAllThreads
Event: 4.839 Executing VM operation: HandshakeAllThreads done
Event: 4.845 Executing VM operation: HandshakeAllThreads
Event: 4.845 Executing VM operation: HandshakeAllThreads done

Events (20 events):
Event: 5.323 loading class java/text/ParsePosition
Event: 5.323 loading class java/text/ParsePosition done
Event: 5.323 loading class java/text/NumberFormat$Style
Event: 5.323 loading class java/text/NumberFormat$Style done
Event: 5.323 loading class java/text/AttributedCharacterIterator
Event: 5.323 loading class java/text/CharacterIterator
Event: 5.324 loading class java/text/CharacterIterator done
Event: 5.324 loading class java/text/AttributedCharacterIterator done
Event: 5.327 loading class java/lang/UnsatisfiedLinkError
Event: 5.327 loading class java/lang/UnsatisfiedLinkError done
Event: 5.379 loading class javax/management/MBeanRegistrationException
Event: 5.379 loading class javax/management/MBeanException
Event: 5.380 loading class javax/management/JMException
Event: 5.380 loading class javax/management/JMException done
Event: 5.380 loading class javax/management/MBeanException done
Event: 5.380 loading class javax/management/MBeanRegistrationException done
Event: 5.380 loading class javax/management/InstanceNotFoundException
Event: 5.380 loading class javax/management/OperationsException
Event: 5.380 loading class javax/management/OperationsException done
Event: 5.380 loading class javax/management/InstanceNotFoundException done


Dynamic libraries:
0x00007ff624030000 - 0x00007ff62403e000 	C:\Users\yanba\Downloads\spring-tool-suite-4-4.21.0.RELEASE-e4.30.0-win32.win32.x86_64.self-extracting(1)\sts-4.21.0.RELEASE\plugins\org.eclipse.justj.openjdk.hotspot.jre.full.win32.x86_64_17.0.9.v20231028-0858\jre\bin\javaw.exe
0x00007ffd15a30000 - 0x00007ffd15c28000 	C:\Windows\SYSTEM32\ntdll.dll
0x00007ffd147b0000 - 0x00007ffd1486f000 	C:\Windows\System32\KERNEL32.DLL
0x00007ffd13690000 - 0x00007ffd13986000 	C:\Windows\System32\KERNELBASE.dll
0x00007ffd13590000 - 0x00007ffd13690000 	C:\Windows\System32\ucrtbase.dll
0x00007ffd04320000 - 0x00007ffd04337000 	C:\Users\yanba\Downloads\spring-tool-suite-4-4.21.0.RELEASE-e4.30.0-win32.win32.x86_64.self-extracting(1)\sts-4.21.0.RELEASE\plugins\org.eclipse.justj.openjdk.hotspot.jre.full.win32.x86_64_17.0.9.v20231028-0858\jre\bin\jli.dll
0x00007ffd04240000 - 0x00007ffd0425b000 	C:\Users\yanba\Downloads\spring-tool-suite-4-4.21.0.RELEASE-e4.30.0-win32.win32.x86_64.self-extracting(1)\sts-4.21.0.RELEASE\plugins\org.eclipse.justj.openjdk.hotspot.jre.full.win32.x86_64_17.0.9.v20231028-0858\jre\bin\VCRUNTIME140.dll
0x00007ffd14a80000 - 0x00007ffd14c1d000 	C:\Windows\System32\USER32.dll
0x00007ffd131a0000 - 0x00007ffd131c2000 	C:\Windows\System32\win32u.dll
0x00007ffd016d0000 - 0x00007ffd0196a000 	C:\Windows\WinSxS\amd64_microsoft.windows.common-controls_6595b64144ccf1df_6.0.19041.1110_none_60b5254171f9507e\COMCTL32.dll
0x00007ffd14fa0000 - 0x00007ffd14fcc000 	C:\Windows\System32\GDI32.dll
0x00007ffd152d0000 - 0x00007ffd1536e000 	C:\Windows\System32\msvcrt.dll
0x00007ffd133a0000 - 0x00007ffd134b5000 	C:\Windows\System32\gdi32full.dll
0x00007ffd134f0000 - 0x00007ffd1358d000 	C:\Windows\System32\msvcp_win.dll
0x00007ffd152a0000 - 0x00007ffd152d0000 	C:\Windows\System32\IMM32.DLL
0x00007ffd0aa00000 - 0x00007ffd0aa0c000 	C:\Users\yanba\Downloads\spring-tool-suite-4-4.21.0.RELEASE-e4.30.0-win32.win32.x86_64.self-extracting(1)\sts-4.21.0.RELEASE\plugins\org.eclipse.justj.openjdk.hotspot.jre.full.win32.x86_64_17.0.9.v20231028-0858\jre\bin\vcruntime140_1.dll
0x00007ffce85c0000 - 0x00007ffce864d000 	C:\Users\yanba\Downloads\spring-tool-suite-4-4.21.0.RELEASE-e4.30.0-win32.win32.x86_64.self-extracting(1)\sts-4.21.0.RELEASE\plugins\org.eclipse.justj.openjdk.hotspot.jre.full.win32.x86_64_17.0.9.v20231028-0858\jre\bin\msvcp140.dll
0x00007ffcdc3a0000 - 0x00007ffcdd001000 	C:\Users\yanba\Downloads\spring-tool-suite-4-4.21.0.RELEASE-e4.30.0-win32.win32.x86_64.self-extracting(1)\sts-4.21.0.RELEASE\plugins\org.eclipse.justj.openjdk.hotspot.jre.full.win32.x86_64_17.0.9.v20231028-0858\jre\bin\server\jvm.dll
0x00007ffd14d60000 - 0x00007ffd14e0f000 	C:\Windows\System32\ADVAPI32.dll
0x00007ffd153b0000 - 0x00007ffd1544c000 	C:\Windows\System32\sechost.dll
0x00007ffd14950000 - 0x00007ffd14a76000 	C:\Windows\System32\RPCRT4.dll
0x00007ffd12f80000 - 0x00007ffd12fcb000 	C:\Windows\SYSTEM32\POWRPROF.dll
0x00007ffd04310000 - 0x00007ffd04319000 	C:\Windows\SYSTEM32\WSOCK32.dll
0x00007ffd0fb20000 - 0x00007ffd0fb47000 	C:\Windows\SYSTEM32\WINMM.dll
0x00007ffd13a90000 - 0x00007ffd13afb000 	C:\Windows\System32\WS2_32.dll
0x00007ffcfe850000 - 0x00007ffcfe85a000 	C:\Windows\SYSTEM32\VERSION.dll
0x00007ffd12eb0000 - 0x00007ffd12ec2000 	C:\Windows\SYSTEM32\UMPDC.dll
0x00007ffd11910000 - 0x00007ffd11922000 	C:\Windows\SYSTEM32\kernel.appcore.dll
0x00007ffd0eb10000 - 0x00007ffd0eb1a000 	C:\Users\yanba\Downloads\spring-tool-suite-4-4.21.0.RELEASE-e4.30.0-win32.win32.x86_64.self-extracting(1)\sts-4.21.0.RELEASE\plugins\org.eclipse.justj.openjdk.hotspot.jre.full.win32.x86_64_17.0.9.v20231028-0858\jre\bin\jimage.dll
0x00007ffd10b40000 - 0x00007ffd10d24000 	C:\Windows\SYSTEM32\DBGHELP.DLL
0x00007ffd0fae0000 - 0x00007ffd0fb14000 	C:\Windows\SYSTEM32\dbgcore.DLL
0x00007ffd13110000 - 0x00007ffd13192000 	C:\Windows\System32\bcryptPrimitives.dll
0x00007ffd04170000 - 0x00007ffd04195000 	C:\Users\yanba\Downloads\spring-tool-suite-4-4.21.0.RELEASE-e4.30.0-win32.win32.x86_64.self-extracting(1)\sts-4.21.0.RELEASE\plugins\org.eclipse.justj.openjdk.hotspot.jre.full.win32.x86_64_17.0.9.v20231028-0858\jre\bin\java.dll
0x00007ffd0c570000 - 0x00007ffd0c588000 	C:\Users\yanba\Downloads\spring-tool-suite-4-4.21.0.RELEASE-e4.30.0-win32.win32.x86_64.self-extracting(1)\sts-4.21.0.RELEASE\plugins\org.eclipse.justj.openjdk.hotspot.jre.full.win32.x86_64_17.0.9.v20231028-0858\jre\bin\zip.dll
0x00007ffd13ef0000 - 0x00007ffd14634000 	C:\Windows\System32\SHELL32.dll
0x00007ffd11160000 - 0x00007ffd118f3000 	C:\Windows\SYSTEM32\windows.storage.dll
0x00007ffd13b00000 - 0x00007ffd13e54000 	C:\Windows\System32\combase.dll
0x00007ffd129a0000 - 0x00007ffd129ce000 	C:\Windows\SYSTEM32\Wldp.dll
0x00007ffd14e10000 - 0x00007ffd14ebd000 	C:\Windows\System32\SHCORE.dll
0x00007ffd14750000 - 0x00007ffd147a5000 	C:\Windows\System32\shlwapi.dll
0x00007ffd13050000 - 0x00007ffd1306f000 	C:\Windows\SYSTEM32\profapi.dll
0x00007ffd0c440000 - 0x00007ffd0c459000 	C:\Users\yanba\Downloads\spring-tool-suite-4-4.21.0.RELEASE-e4.30.0-win32.win32.x86_64.self-extracting(1)\sts-4.21.0.RELEASE\plugins\org.eclipse.justj.openjdk.hotspot.jre.full.win32.x86_64_17.0.9.v20231028-0858\jre\bin\net.dll
0x00007ffd0d7b0000 - 0x00007ffd0d8ba000 	C:\Windows\SYSTEM32\WINHTTP.dll
0x00007ffd12780000 - 0x00007ffd127ea000 	C:\Windows\system32\mswsock.dll
0x00007ffd0a190000 - 0x00007ffd0a1a6000 	C:\Users\yanba\Downloads\spring-tool-suite-4-4.21.0.RELEASE-e4.30.0-win32.win32.x86_64.self-extracting(1)\sts-4.21.0.RELEASE\plugins\org.eclipse.justj.openjdk.hotspot.jre.full.win32.x86_64_17.0.9.v20231028-0858\jre\bin\nio.dll
0x00007ffd12490000 - 0x00007ffd124cc000 	C:\Windows\SYSTEM32\IPHLPAPI.DLL
0x00007ffd15380000 - 0x00007ffd15388000 	C:\Windows\System32\NSI.dll
0x00007ffd0c740000 - 0x00007ffd0c757000 	C:\Windows\SYSTEM32\dhcpcsvc6.DLL
0x00007ffd0c590000 - 0x00007ffd0c5ad000 	C:\Windows\SYSTEM32\dhcpcsvc.DLL
0x00007ffd124d0000 - 0x00007ffd1259a000 	C:\Windows\SYSTEM32\DNSAPI.dll
0x00007ffd0c710000 - 0x00007ffd0c71a000 	C:\Windows\System32\rasadhlp.dll
0x00007ffd0aaa0000 - 0x00007ffd0ab22000 	C:\Windows\System32\fwpuclnt.dll
0x00007ffd134c0000 - 0x00007ffd134e7000 	C:\Windows\System32\bcrypt.dll
0x00007ffd0c3d0000 - 0x00007ffd0c3de000 	C:\Users\yanba\Downloads\spring-tool-suite-4-4.21.0.RELEASE-e4.30.0-win32.win32.x86_64.self-extracting(1)\sts-4.21.0.RELEASE\plugins\org.eclipse.justj.openjdk.hotspot.jre.full.win32.x86_64_17.0.9.v20231028-0858\jre\bin\sunmscapi.dll
0x00007ffd13240000 - 0x00007ffd1339e000 	C:\Windows\System32\CRYPT32.dll
0x00007ffd12b60000 - 0x00007ffd12b88000 	C:\Windows\SYSTEM32\ncrypt.dll
0x00007ffd12b20000 - 0x00007ffd12b5b000 	C:\Windows\SYSTEM32\NTASN1.dll

dbghelp: loaded successfully - version: 4.0.5 - missing functions: none
symbol engine: initialized successfully - sym options: 0x614 - pdb path: .;C:\Users\yanba\Downloads\spring-tool-suite-4-4.21.0.RELEASE-e4.30.0-win32.win32.x86_64.self-extracting(1)\sts-4.21.0.RELEASE\plugins\org.eclipse.justj.openjdk.hotspot.jre.full.win32.x86_64_17.0.9.v20231028-0858\jre\bin;C:\Windows\SYSTEM32;C:\Windows\WinSxS\amd64_microsoft.windows.common-controls_6595b64144ccf1df_6.0.19041.1110_none_60b5254171f9507e;C:\Users\yanba\Downloads\spring-tool-suite-4-4.21.0.RELEASE-e4.30.0-win32.win32.x86_64.self-extracting(1)\sts-4.21.0.RELEASE\plugins\org.eclipse.justj.openjdk.hotspot.jre.full.win32.x86_64_17.0.9.v20231028-0858\jre\bin\server

VM Arguments:
jvm_args: -Dfile.encoding=UTF-8 -Dstdout.encoding=UTF-8 -Dstderr.encoding=UTF-8 -XX:+ShowCodeDetailsInExceptionMessages 
java_command: edu.yan.desafiodiospringboot.aluguellivros.SistemaAluguelLivrosApplication
java_class_path (initial): C:\Users\yanba\git\desafio-dio-spring-boot\sistema-aluguel-livros\target\classes;C:\Users\yanba\.m2\repository\org\springframework\boot\spring-boot-starter-data-jpa\3.4.4\spring-boot-starter-data-jpa-3.4.4.jar;C:\Users\yanba\.m2\repository\org\springframework\boot\spring-boot-starter-jdbc\3.4.4\spring-boot-starter-jdbc-3.4.4.jar;C:\Users\yanba\.m2\repository\com\zaxxer\HikariCP\5.1.0\HikariCP-5.1.0.jar;C:\Users\yanba\.m2\repository\org\springframework\spring-jdbc\6.2.5\spring-jdbc-6.2.5.jar;C:\Users\yanba\.m2\repository\org\hibernate\orm\hibernate-core\6.6.11.Final\hibernate-core-6.6.11.Final.jar;C:\Users\yanba\.m2\repository\jakarta\persistence\jakarta.persistence-api\3.1.0\jakarta.persistence-api-3.1.0.jar;C:\Users\yanba\.m2\repository\jakarta\transaction\jakarta.transaction-api\2.0.1\jakarta.transaction-api-2.0.1.jar;C:\Users\yanba\.m2\repository\org\jboss\logging\jboss-logging\3.6.1.Final\jboss-logging-3.6.1.Final.jar;C:\Users\yanba\.m2\repository\org\hibernate\common\hibernate-commons-annotations\7.0.3.Final\hibernate-commons-annotations-7.0.3.Final.jar;C:\Users\yanba\.m2\repository\io\smallrye\jandex\3.2.0\jandex-3.2.0.jar;C:\Users\yanba\.m2\repository\com\fasterxml\classmate\1.7.0\classmate-1.7.0.jar;C:\Users\yanba\.m2\repository\net\bytebuddy\byte-buddy\1.15.11\byte-buddy-1.15.11.jar;C:\Users\yanba\.m2\repository\org\glassfish\jaxb\jaxb-runtime\4.0.5\jaxb-runtime-4.0.5.jar;C:\Users\yanba\.m2\repository\org\glassfish\jaxb\jaxb-core\4.0.5\jaxb-core-4.0.5.jar;C:\Users\yanba\.m2\repository\org\eclipse\angus\angus-activation\2.0.2\angus-activation-2.0.2.jar;C:\Users\yanba\.m2\repository\org\glassfish\jaxb\txw2\4.0.5\txw2-4.0.5.jar;C:\Users\yanba\.m2\repository\com\sun\istack\istack-commons-runtime\4.1.2\istack-commons-runtime-4.1.2.jar;C:\Users\yanba\.m2\repository\jakarta\inject\jakarta.inject-api\2.0.1\jakarta.inject-api-2.0.1.jar;C:\Users\yanba\.m2\repository\org\antlr\antlr4-runtime\4.13.0\antlr4-runtime-4.13.0.jar;C:\Users\yanba\
Launcher Type: SUN_STANDARD

[Global flags]
     intx CICompilerCount                          = 4                                         {product} {ergonomic}
     uint ConcGCThreads                            = 2                                         {product} {ergonomic}
     uint G1ConcRefinementThreads                  = 8                                         {product} {ergonomic}
   size_t G1HeapRegionSize                         = 1048576                                   {product} {ergonomic}
    uintx GCDrainStackTargetSize                   = 64                                        {product} {ergonomic}
   size_t InitialHeapSize                          = 132120576                                 {product} {ergonomic}
   size_t MarkStackSize                            = 4194304                                   {product} {ergonomic}
   size_t MaxHeapSize                              = 2086666240                                {product} {ergonomic}
   size_t MaxNewSize                               = 1251999744                                {product} {ergonomic}
   size_t MinHeapDeltaBytes                        = 1048576                                   {product} {ergonomic}
   size_t MinHeapSize                              = 8388608                                   {product} {ergonomic}
    uintx NonNMethodCodeHeapSize                   = 5839372                                {pd product} {ergonomic}
    uintx NonProfiledCodeHeapSize                  = 122909434                              {pd product} {ergonomic}
    uintx ProfiledCodeHeapSize                     = 122909434                              {pd product} {ergonomic}
    uintx ReservedCodeCacheSize                    = 251658240                              {pd product} {ergonomic}
     bool SegmentedCodeCache                       = true                                      {product} {ergonomic}
     bool ShowCodeDetailsInExceptionMessages       = true                                   {manageable} {command line}
   size_t SoftMaxHeapSize                          = 2086666240                             {manageable} {ergonomic}
     bool UseCompressedClassPointers               = true                           {product lp64_product} {ergonomic}
     bool UseCompressedOops                        = true                           {product lp64_product} {ergonomic}
     bool UseG1GC                                  = true                                      {product} {ergonomic}
     bool UseLargePagesIndividualAllocation        = false                                  {pd product} {ergonomic}

Logging:
Log output configuration:
 #0: stdout all=warning uptime,level,tags
 #1: stderr all=off uptime,level,tags

Environment Variables:
JAVA_HOME=C:\Users\yanba\AppData\Local\Programs\Eclipse Adoptium\jdk-17.0.8.101-hotspot\
PATH=C:/Users/yanba/Downloads/spring-tool-suite-4-4.21.0.RELEASE-e4.30.0-win32.win32.x86_64.self-extracting(1)/sts-4.21.0.RELEASE//plugins/org.eclipse.justj.openjdk.hotspot.jre.full.win32.x86_64_17.0.9.v20231028-0858/jre/bin/server;C:/Users/yanba/Downloads/spring-tool-suite-4-4.21.0.RELEASE-e4.30.0-win32.win32.x86_64.self-extracting(1)/sts-4.21.0.RELEASE//plugins/org.eclipse.justj.openjdk.hotspot.jre.full.win32.x86_64_17.0.9.v20231028-0858/jre/bin;C:\Program Files\Common Files\Oracle\Java\javapath;C:\Program Files (x86)\Common Files\Oracle\Java\java8path;C:\Program Files (x86)\Common Files\Oracle\Java\javapath;C:\Windows\system32;C:\Windows;C:\Windows\System32\Wbem;C:\Windows\System32\WindowsPowerShell\v1.0\;C:\Windows\System32\OpenSSH\;C:\Program Files\Git\cmd;C:\MinGW\bin;C:\Program Files\Java\jdk-22\bin;C:\Program Files\nodejs\;C:\Program Files (x86)\Tesseract-OCR;C:\Program Files\PuTTY\;C:\ProgramData\ComposerSetup\bin;C:\Users\yanba\.config\herd\bin\nvm;C:\Program Files\nodejs;C:\Users\yanba\.config\herd\bin;C:\Users\yanba\AppData\Local\Programs\Eclipse Adoptium\jdk-17.0.8.101-hotspot\bin;C:\Users\yanba\AppData\Local\Microsoft\WindowsApps;C:\Users\yanba\AppData\Local\Programs\Microsoft VS Code\bin;C:\MinGW\bin;C:\Users\yanba\AppData\Roaming\npm;C:\Program Files (x86)\Tesseract-OCR;C:\Program Files\ffmpeg\bin\;C:\Program Files (x86)\Nmap;C:\Users\yanba\AppData\Local\Pandoc\;C:\Users\yanba\Downloads\php-8.4.4-Win32-vs17-x64;C:\Users\yanba\AppData\Roaming\Composer\vendor\bin;C:\Users\yanba\Downloads\spring-tool-suite-4-4.21.0.RELEASE-e4.30.0-win32.win32.x86_64.self-extracting(1)\sts-4.21.0.RELEASE;
USERNAME=yanba
OS=Windows_NT
PROCESSOR_IDENTIFIER=Intel64 Family 6 Model 126 Stepping 5, GenuineIntel
TMP=C:\Users\yanba\AppData\Local\Temp
TEMP=C:\Users\yanba\AppData\Local\Temp



Periodic native trim disabled


---------------  S Y S T E M  ---------------

OS:
 Windows 10 , 64 bit Build 19041 (10.0.19041.3031)
OS uptime: 2 days 1:39 hours
Hyper-V role detected

CPU: total 8 (initial active 8) (4 cores per cpu, 2 threads per core) family 6 model 126 stepping 5 microcode 0xc6, cx8, cmov, fxsr, ht, mmx, 3dnowpref, sse, sse2, sse3, ssse3, sse4.1, sse4.2, popcnt, lzcnt, tsc, tscinvbit, avx, avx2, aes, erms, clmul, bmi1, bmi2, adx, avx512f, avx512dq, avx512cd, avx512bw, avx512vl, sha, fma, vzeroupper, avx512_vpopcntdq, avx512_vpclmulqdq, avx512_vaes, avx512_vnni, clflush, clflushopt, avx512_vbmi2, avx512_vbmi, hv
Processor Information for all 8 processors :
  Max Mhz: 1190, Current Mhz: 991, Mhz Limit: 987

Memory: 4k page, system-wide physical 7959M (867M free)
TotalPageFile size 10007M (AvailPageFile size 6M)
current process WorkingSet (physical memory assigned to process): 181M, peak: 193M
current process commit charge ("private bytes"): 223M, peak: 247M

vm_info: OpenJDK 64-Bit Server VM (17.0.9+9) for windows-amd64 JRE (17.0.9+9), built on Oct 26 2023 14:01:42 by "admin" with MS VC++ 16.10 / 16.11 (VS2019)

END.
